<?xml version="1.0" encoding="UTF-8"?>
<coverage generated="1768809708622" clover="3.2.0">
  <project timestamp="1768809708622" name="All files">
    <metrics statements="583" coveredstatements="583" conditionals="223" coveredconditionals="223" methods="82" coveredmethods="82" elements="888" coveredelements="888" complexity="0" loc="583" ncloc="583" packages="8" files="25" classes="25"/>
    <package name="src">
      <metrics statements="44" coveredstatements="44" conditionals="16" coveredconditionals="16" methods="5" coveredmethods="5"/>
      <file name="app.js" path="/Users/gg1900/coding/final_project_oclock/backend/src/app.js">
        <metrics statements="44" coveredstatements="44" conditionals="16" coveredconditionals="16" methods="5" coveredmethods="5"/>
        <line num="15" count="19" type="stmt"/>
        <line num="19" count="19" type="stmt"/>
        <line num="20" count="19" type="stmt"/>
        <line num="22" count="19" type="stmt"/>
        <line num="24" count="19" type="cond" truecount="2" falsecount="0"/>
        <line num="25" count="1" type="stmt"/>
        <line num="29" count="19" type="stmt"/>
        <line num="30" count="19" type="stmt"/>
        <line num="33" count="19" type="stmt"/>
        <line num="34" count="19" type="stmt"/>
        <line num="35" count="19" type="stmt"/>
        <line num="38" count="19" type="stmt"/>
        <line num="39" count="19" type="stmt"/>
        <line num="40" count="19" type="stmt"/>
        <line num="41" count="19" type="stmt"/>
        <line num="42" count="19" type="stmt"/>
        <line num="43" count="19" type="stmt"/>
        <line num="44" count="19" type="stmt"/>
        <line num="46" count="19" type="stmt"/>
        <line num="53" count="19" type="stmt"/>
        <line num="60" count="19" type="cond" truecount="2" falsecount="0"/>
        <line num="61" count="1" type="stmt"/>
        <line num="62" count="4" type="stmt"/>
        <line num="63" count="4" type="cond" truecount="2" falsecount="0"/>
        <line num="64" count="3" type="cond" truecount="2" falsecount="0"/>
        <line num="65" count="3" type="stmt"/>
        <line num="66" count="3" type="cond" truecount="2" falsecount="0"/>
        <line num="67" count="3" type="stmt"/>
        <line num="70" count="4" type="stmt"/>
        <line num="75" count="19" type="stmt"/>
        <line num="76" count="88" type="stmt"/>
        <line num="77" count="88" type="stmt"/>
        <line num="78" count="88" type="cond" truecount="2" falsecount="0"/>
        <line num="79" count="46" type="stmt"/>
        <line num="80" count="45" type="stmt"/>
        <line num="81" count="45" type="stmt"/>
        <line num="86" count="88" type="stmt"/>
        <line num="90" count="19" type="stmt"/>
        <line num="93" count="19" type="stmt"/>
        <line num="96" count="19" type="stmt"/>
        <line num="99" count="19" type="stmt"/>
        <line num="100" count="1" type="stmt"/>
        <line num="104" count="19" type="stmt"/>
        <line num="105" count="2" type="stmt"/>
      </file>
    </package>
    <package name="src.config">
      <metrics statements="2" coveredstatements="2" conditionals="2" coveredconditionals="2" methods="1" coveredmethods="1"/>
      <file name="config.js" path="/Users/gg1900/coding/final_project_oclock/backend/src/config/config.js">
        <metrics statements="2" coveredstatements="2" conditionals="2" coveredconditionals="2" methods="1" coveredmethods="1"/>
        <line num="3" count="32" type="stmt"/>
        <line num="45" count="32" type="stmt"/>
      </file>
    </package>
    <package name="src.controllers">
      <metrics statements="364" coveredstatements="364" conditionals="154" coveredconditionals="154" methods="51" coveredmethods="51"/>
      <file name="adminController.js" path="/Users/gg1900/coding/final_project_oclock/backend/src/controllers/adminController.js">
        <metrics statements="133" coveredstatements="133" conditionals="76" coveredconditionals="76" methods="19" coveredmethods="19"/>
        <line num="3" count="20" type="stmt"/>
        <line num="5" count="20" type="stmt"/>
        <line num="6" count="3" type="stmt"/>
        <line num="7" count="3" type="stmt"/>
        <line num="14" count="2" type="stmt"/>
        <line num="25" count="1" type="stmt"/>
        <line num="29" count="20" type="stmt"/>
        <line num="30" count="3" type="stmt"/>
        <line num="31" count="3" type="stmt"/>
        <line num="40" count="2" type="stmt"/>
        <line num="46" count="1" type="stmt"/>
        <line num="50" count="20" type="stmt"/>
        <line num="51" count="4" type="stmt"/>
        <line num="52" count="4" type="stmt"/>
        <line num="54" count="3" type="cond" truecount="2" falsecount="0"/>
        <line num="55" count="1" type="stmt"/>
        <line num="58" count="2" type="stmt"/>
        <line num="59" count="2" type="stmt"/>
        <line num="61" count="2" type="stmt"/>
        <line num="69" count="1" type="stmt"/>
        <line num="73" count="20" type="stmt"/>
        <line num="74" count="5" type="stmt"/>
        <line num="75" count="5" type="stmt"/>
        <line num="77" count="4" type="cond" truecount="2" falsecount="0"/>
        <line num="78" count="1" type="stmt"/>
        <line num="81" count="3" type="stmt"/>
        <line num="98" count="3" type="stmt"/>
        <line num="100" count="3" type="stmt"/>
        <line num="102" count="1" type="stmt"/>
        <line num="106" count="20" type="stmt"/>
        <line num="107" count="3" type="stmt"/>
        <line num="108" count="3" type="stmt"/>
        <line num="110" count="2" type="cond" truecount="2" falsecount="0"/>
        <line num="111" count="1" type="stmt"/>
        <line num="114" count="1" type="stmt"/>
        <line num="115" count="1" type="stmt"/>
        <line num="117" count="1" type="stmt"/>
        <line num="121" count="20" type="stmt"/>
        <line num="122" count="3" type="stmt"/>
        <line num="123" count="3" type="stmt"/>
        <line num="127" count="2" type="stmt"/>
        <line num="133" count="1" type="stmt"/>
        <line num="137" count="20" type="stmt"/>
        <line num="138" count="3" type="stmt"/>
        <line num="139" count="3" type="stmt"/>
        <line num="141" count="3" type="stmt"/>
        <line num="146" count="2" type="stmt"/>
        <line num="148" count="1" type="stmt"/>
        <line num="152" count="20" type="stmt"/>
        <line num="153" count="3" type="stmt"/>
        <line num="154" count="3" type="stmt"/>
        <line num="156" count="2" type="cond" truecount="2" falsecount="0"/>
        <line num="157" count="1" type="stmt"/>
        <line num="160" count="1" type="stmt"/>
        <line num="166" count="1" type="stmt"/>
        <line num="170" count="20" type="stmt"/>
        <line num="171" count="5" type="stmt"/>
        <line num="172" count="5" type="stmt"/>
        <line num="174" count="4" type="cond" truecount="2" falsecount="0"/>
        <line num="175" count="1" type="stmt"/>
        <line num="178" count="3" type="stmt"/>
        <line num="183" count="3" type="stmt"/>
        <line num="185" count="1" type="stmt"/>
        <line num="189" count="20" type="stmt"/>
        <line num="190" count="3" type="stmt"/>
        <line num="191" count="3" type="stmt"/>
        <line num="193" count="2" type="cond" truecount="2" falsecount="0"/>
        <line num="194" count="1" type="stmt"/>
        <line num="197" count="1" type="stmt"/>
        <line num="198" count="1" type="stmt"/>
        <line num="200" count="1" type="stmt"/>
        <line num="204" count="20" type="stmt"/>
        <line num="205" count="3" type="stmt"/>
        <line num="206" count="3" type="stmt"/>
        <line num="210" count="2" type="stmt"/>
        <line num="216" count="1" type="stmt"/>
        <line num="220" count="20" type="stmt"/>
        <line num="221" count="3" type="stmt"/>
        <line num="222" count="3" type="stmt"/>
        <line num="224" count="2" type="cond" truecount="2" falsecount="0"/>
        <line num="225" count="1" type="stmt"/>
        <line num="228" count="1" type="stmt"/>
        <line num="234" count="1" type="stmt"/>
        <line num="238" count="20" type="stmt"/>
        <line num="239" count="5" type="stmt"/>
        <line num="240" count="5" type="stmt"/>
        <line num="242" count="4" type="cond" truecount="2" falsecount="0"/>
        <line num="243" count="1" type="stmt"/>
        <line num="246" count="3" type="stmt"/>
        <line num="254" count="3" type="stmt"/>
        <line num="256" count="1" type="stmt"/>
        <line num="260" count="20" type="stmt"/>
        <line num="261" count="3" type="stmt"/>
        <line num="262" count="3" type="stmt"/>
        <line num="264" count="2" type="cond" truecount="2" falsecount="0"/>
        <line num="265" count="1" type="stmt"/>
        <line num="268" count="1" type="stmt"/>
        <line num="269" count="1" type="stmt"/>
        <line num="271" count="1" type="stmt"/>
        <line num="275" count="20" type="stmt"/>
        <line num="276" count="3" type="stmt"/>
        <line num="277" count="3" type="stmt"/>
        <line num="281" count="2" type="stmt"/>
        <line num="287" count="1" type="stmt"/>
        <line num="291" count="20" type="stmt"/>
        <line num="292" count="3" type="stmt"/>
        <line num="293" count="3" type="stmt"/>
        <line num="295" count="3" type="stmt"/>
        <line num="302" count="2" type="stmt"/>
        <line num="304" count="1" type="stmt"/>
        <line num="308" count="20" type="stmt"/>
        <line num="309" count="3" type="stmt"/>
        <line num="310" count="3" type="stmt"/>
        <line num="312" count="2" type="cond" truecount="2" falsecount="0"/>
        <line num="313" count="1" type="stmt"/>
        <line num="316" count="1" type="stmt"/>
        <line num="322" count="1" type="stmt"/>
        <line num="326" count="20" type="stmt"/>
        <line num="327" count="5" type="stmt"/>
        <line num="328" count="5" type="stmt"/>
        <line num="330" count="4" type="cond" truecount="2" falsecount="0"/>
        <line num="331" count="1" type="stmt"/>
        <line num="334" count="3" type="stmt"/>
        <line num="341" count="3" type="stmt"/>
        <line num="343" count="1" type="stmt"/>
        <line num="347" count="20" type="stmt"/>
        <line num="348" count="3" type="stmt"/>
        <line num="349" count="3" type="stmt"/>
        <line num="351" count="2" type="cond" truecount="2" falsecount="0"/>
        <line num="352" count="1" type="stmt"/>
        <line num="355" count="1" type="stmt"/>
        <line num="356" count="1" type="stmt"/>
        <line num="358" count="1" type="stmt"/>
      </file>
      <file name="authController.js" path="/Users/gg1900/coding/final_project_oclock/backend/src/controllers/authController.js">
        <metrics statements="28" coveredstatements="28" conditionals="6" coveredconditionals="6" methods="2" coveredmethods="2"/>
        <line num="5" count="20" type="stmt"/>
        <line num="10" count="20" type="stmt"/>
        <line num="11" count="3" type="stmt"/>
        <line num="12" count="3" type="stmt"/>
        <line num="15" count="3" type="stmt"/>
        <line num="16" count="2" type="cond" truecount="2" falsecount="0"/>
        <line num="17" count="1" type="stmt"/>
        <line num="21" count="1" type="stmt"/>
        <line num="24" count="1" type="stmt"/>
        <line num="31" count="1" type="stmt"/>
        <line num="34" count="1" type="stmt"/>
        <line num="35" count="1" type="stmt"/>
        <line num="37" count="1" type="stmt"/>
        <line num="39" count="1" type="stmt"/>
        <line num="46" count="20" type="stmt"/>
        <line num="47" count="4" type="stmt"/>
        <line num="48" count="4" type="stmt"/>
        <line num="51" count="4" type="stmt"/>
        <line num="52" count="3" type="cond" truecount="2" falsecount="0"/>
        <line num="53" count="1" type="stmt"/>
        <line num="57" count="2" type="stmt"/>
        <line num="58" count="2" type="cond" truecount="2" falsecount="0"/>
        <line num="59" count="1" type="stmt"/>
        <line num="63" count="1" type="stmt"/>
        <line num="66" count="1" type="stmt"/>
        <line num="67" count="1" type="stmt"/>
        <line num="69" count="1" type="stmt"/>
        <line num="71" count="1" type="stmt"/>
      </file>
      <file name="metadataController.js" path="/Users/gg1900/coding/final_project_oclock/backend/src/controllers/metadataController.js">
        <metrics statements="11" coveredstatements="11" conditionals="0" coveredconditionals="0" methods="2" coveredmethods="2"/>
        <line num="3" count="20" type="stmt"/>
        <line num="5" count="20" type="stmt"/>
        <line num="6" count="3" type="stmt"/>
        <line num="7" count="3" type="stmt"/>
        <line num="8" count="2" type="stmt"/>
        <line num="10" count="1" type="stmt"/>
        <line num="14" count="20" type="stmt"/>
        <line num="15" count="3" type="stmt"/>
        <line num="16" count="3" type="stmt"/>
        <line num="17" count="2" type="stmt"/>
        <line num="19" count="1" type="stmt"/>
      </file>
      <file name="recipeController.js" path="/Users/gg1900/coding/final_project_oclock/backend/src/controllers/recipeController.js">
        <metrics statements="34" coveredstatements="34" conditionals="6" coveredconditionals="6" methods="5" coveredmethods="5"/>
        <line num="3" count="20" type="stmt"/>
        <line num="5" count="20" type="stmt"/>
        <line num="6" count="3" type="stmt"/>
        <line num="7" count="3" type="stmt"/>
        <line num="8" count="2" type="stmt"/>
        <line num="10" count="1" type="stmt"/>
        <line num="14" count="20" type="stmt"/>
        <line num="15" count="4" type="stmt"/>
        <line num="16" count="4" type="stmt"/>
        <line num="23" count="3" type="stmt"/>
        <line num="25" count="1" type="stmt"/>
        <line num="29" count="20" type="stmt"/>
        <line num="30" count="5" type="stmt"/>
        <line num="31" count="5" type="stmt"/>
        <line num="39" count="4" type="cond" truecount="2" falsecount="0"/>
        <line num="40" count="2" type="stmt"/>
        <line num="43" count="2" type="stmt"/>
        <line num="45" count="1" type="stmt"/>
        <line num="49" count="20" type="stmt"/>
        <line num="50" count="5" type="stmt"/>
        <line num="51" count="5" type="stmt"/>
        <line num="52" count="4" type="cond" truecount="2" falsecount="0"/>
        <line num="53" count="2" type="stmt"/>
        <line num="55" count="2" type="stmt"/>
        <line num="56" count="2" type="stmt"/>
        <line num="58" count="1" type="stmt"/>
        <line num="62" count="20" type="stmt"/>
        <line num="63" count="5" type="stmt"/>
        <line num="64" count="5" type="stmt"/>
        <line num="65" count="4" type="cond" truecount="2" falsecount="0"/>
        <line num="66" count="2" type="stmt"/>
        <line num="68" count="2" type="stmt"/>
        <line num="69" count="2" type="stmt"/>
        <line num="71" count="1" type="stmt"/>
      </file>
      <file name="viewController.js" path="/Users/gg1900/coding/final_project_oclock/backend/src/controllers/viewController.js">
        <metrics statements="158" coveredstatements="158" conditionals="66" coveredconditionals="66" methods="23" coveredmethods="23"/>
        <line num="5" count="20" type="stmt"/>
        <line num="7" count="20" type="stmt"/>
        <line num="8" count="4" type="stmt"/>
        <line num="10" count="4" type="stmt"/>
        <line num="19" count="3" type="stmt"/>
        <line num="28" count="3" type="stmt"/>
        <line num="34" count="1" type="stmt"/>
        <line num="38" count="20" type="stmt"/>
        <line num="39" count="7" type="stmt"/>
        <line num="40" count="7" type="stmt"/>
        <line num="43" count="7" type="stmt"/>
        <line num="46" count="7" type="cond" truecount="4" falsecount="0"/>
        <line num="47" count="2" type="stmt"/>
        <line num="53" count="7" type="cond" truecount="2" falsecount="0"/>
        <line num="54" count="2" type="stmt"/>
        <line num="58" count="7" type="cond" truecount="2" falsecount="0"/>
        <line num="59" count="2" type="stmt"/>
        <line num="62" count="7" type="stmt"/>
        <line num="72" count="6" type="stmt"/>
        <line num="73" count="6" type="stmt"/>
        <line num="75" count="6" type="stmt"/>
        <line num="85" count="1" type="stmt"/>
        <line num="89" count="20" type="stmt"/>
        <line num="90" count="9" type="stmt"/>
        <line num="91" count="9" type="stmt"/>
        <line num="105" count="8" type="cond" truecount="2" falsecount="0"/>
        <line num="106" count="1" type="stmt"/>
        <line num="110" count="7" type="stmt"/>
        <line num="111" count="7" type="cond" truecount="4" falsecount="0"/>
        <line num="112" count="4" type="stmt"/>
        <line num="113" count="2" type="stmt"/>
        <line num="117" count="7" type="stmt"/>
        <line num="118" count="7" type="stmt"/>
        <line num="119" count="7" type="cond" truecount="2" falsecount="0"/>
        <line num="120" count="5" type="stmt"/>
        <line num="121" count="5" type="stmt"/>
        <line num="124" count="5" type="stmt"/>
        <line num="127" count="7" type="stmt"/>
        <line num="136" count="1" type="stmt"/>
        <line num="141" count="20" type="stmt"/>
        <line num="142" count="1" type="stmt"/>
        <line num="145" count="20" type="stmt"/>
        <line num="146" count="1" type="stmt"/>
        <line num="149" count="20" type="stmt"/>
        <line num="150" count="6" type="stmt"/>
        <line num="151" count="6" type="stmt"/>
        <line num="153" count="6" type="stmt"/>
        <line num="155" count="5" type="cond" truecount="2" falsecount="0"/>
        <line num="156" count="1" type="stmt"/>
        <line num="162" count="4" type="stmt"/>
        <line num="164" count="4" type="cond" truecount="2" falsecount="0"/>
        <line num="165" count="1" type="stmt"/>
        <line num="172" count="3" type="stmt"/>
        <line num="173" count="3" type="stmt"/>
        <line num="180" count="3" type="cond" truecount="4" falsecount="0"/>
        <line num="181" count="2" type="stmt"/>
        <line num="184" count="1" type="stmt"/>
        <line num="186" count="1" type="stmt"/>
        <line num="193" count="20" type="stmt"/>
        <line num="194" count="3" type="stmt"/>
        <line num="195" count="3" type="stmt"/>
        <line num="198" count="3" type="stmt"/>
        <line num="199" count="2" type="cond" truecount="2" falsecount="0"/>
        <line num="200" count="1" type="stmt"/>
        <line num="207" count="1" type="stmt"/>
        <line num="208" count="1" type="stmt"/>
        <line num="211" count="1" type="stmt"/>
        <line num="213" count="1" type="stmt"/>
        <line num="220" count="20" type="stmt"/>
        <line num="221" count="1" type="stmt"/>
        <line num="226" count="1" type="stmt"/>
        <line num="230" count="20" type="stmt"/>
        <line num="231" count="2" type="stmt"/>
        <line num="232" count="2" type="stmt"/>
        <line num="233" count="1" type="stmt"/>
        <line num="235" count="1" type="stmt"/>
        <line num="241" count="1" type="stmt"/>
        <line num="245" count="20" type="stmt"/>
        <line num="246" count="2" type="stmt"/>
        <line num="247" count="2" type="stmt"/>
        <line num="249" count="2" type="stmt"/>
        <line num="263" count="1" type="stmt"/>
        <line num="265" count="1" type="stmt"/>
        <line num="266" count="1" type="stmt"/>
        <line num="267" count="1" type="stmt"/>
        <line num="276" count="20" type="stmt"/>
        <line num="277" count="2" type="stmt"/>
        <line num="278" count="2" type="stmt"/>
        <line num="279" count="2" type="stmt"/>
        <line num="280" count="1" type="stmt"/>
        <line num="282" count="1" type="stmt"/>
        <line num="289" count="1" type="stmt"/>
        <line num="293" count="20" type="stmt"/>
        <line num="294" count="2" type="stmt"/>
        <line num="295" count="2" type="stmt"/>
        <line num="297" count="2" type="stmt"/>
        <line num="310" count="1" type="stmt"/>
        <line num="312" count="1" type="stmt"/>
        <line num="316" count="20" type="stmt"/>
        <line num="317" count="2" type="stmt"/>
        <line num="318" count="2" type="stmt"/>
        <line num="319" count="1" type="stmt"/>
        <line num="321" count="1" type="stmt"/>
        <line num="326" count="20" type="stmt"/>
        <line num="327" count="3" type="stmt"/>
        <line num="328" count="3" type="stmt"/>
        <line num="342" count="2" type="cond" truecount="2" falsecount="0"/>
        <line num="343" count="1" type="stmt"/>
        <line num="346" count="1" type="stmt"/>
        <line num="352" count="1" type="stmt"/>
        <line num="356" count="20" type="stmt"/>
        <line num="357" count="2" type="stmt"/>
        <line num="358" count="2" type="stmt"/>
        <line num="359" count="1" type="stmt"/>
        <line num="364" count="1" type="stmt"/>
        <line num="368" count="20" type="stmt"/>
        <line num="369" count="2" type="stmt"/>
        <line num="370" count="2" type="stmt"/>
        <line num="371" count="2" type="stmt"/>
        <line num="373" count="2" type="stmt"/>
        <line num="379" count="1" type="stmt"/>
        <line num="381" count="1" type="stmt"/>
        <line num="382" count="1" type="stmt"/>
        <line num="391" count="20" type="stmt"/>
        <line num="392" count="3" type="stmt"/>
        <line num="393" count="3" type="stmt"/>
        <line num="394" count="3" type="stmt"/>
        <line num="397" count="3" type="stmt"/>
        <line num="402" count="2" type="cond" truecount="2" falsecount="0"/>
        <line num="403" count="1" type="stmt"/>
        <line num="406" count="2" type="stmt"/>
        <line num="408" count="1" type="stmt"/>
        <line num="413" count="20" type="stmt"/>
        <line num="414" count="2" type="stmt"/>
        <line num="415" count="2" type="stmt"/>
        <line num="416" count="2" type="stmt"/>
        <line num="418" count="2" type="stmt"/>
        <line num="424" count="1" type="stmt"/>
        <line num="426" count="1" type="stmt"/>
        <line num="431" count="20" type="stmt"/>
        <line num="432" count="7" type="stmt"/>
        <line num="433" count="7" type="stmt"/>
        <line num="435" count="7" type="stmt"/>
        <line num="436" count="6" type="cond" truecount="2" falsecount="0"/>
        <line num="437" count="2" type="stmt"/>
        <line num="440" count="4" type="stmt"/>
        <line num="444" count="4" type="cond" truecount="2" falsecount="0"/>
        <line num="445" count="2" type="stmt"/>
        <line num="447" count="2" type="stmt"/>
        <line num="453" count="4" type="cond" truecount="2" falsecount="0"/>
        <line num="454" count="4" type="stmt"/>
        <line num="456" count="1" type="stmt"/>
        <line num="460" count="20" type="stmt"/>
        <line num="461" count="4" type="stmt"/>
        <line num="462" count="4" type="stmt"/>
        <line num="475" count="3" type="stmt"/>
        <line num="477" count="3" type="stmt"/>
        <line num="482" count="1" type="stmt"/>
      </file>
    </package>
    <package name="src.middlewares">
      <metrics statements="45" coveredstatements="45" conditionals="35" coveredconditionals="35" methods="5" coveredmethods="5"/>
      <file name="auth.js" path="/Users/gg1900/coding/final_project_oclock/backend/src/middlewares/auth.js">
        <metrics statements="40" coveredstatements="40" conditionals="33" coveredconditionals="33" methods="4" coveredmethods="4"/>
        <line num="4" count="20" type="stmt"/>
        <line num="9" count="20" type="stmt"/>
        <line num="10" count="17" type="cond" truecount="2" falsecount="0"/>
        <line num="16" count="20" type="stmt"/>
        <line num="17" count="64" type="stmt"/>
        <line num="21" count="64" type="stmt"/>
        <line num="22" count="64" type="cond" truecount="4" falsecount="0"/>
        <line num="23" count="9" type="stmt"/>
        <line num="27" count="64" type="cond" truecount="5" falsecount="0"/>
        <line num="28" count="41" type="stmt"/>
        <line num="31" count="64" type="cond" truecount="2" falsecount="0"/>
        <line num="33" count="14" type="cond" truecount="2" falsecount="0"/>
        <line num="34" count="4" type="stmt"/>
        <line num="37" count="10" type="stmt"/>
        <line num="40" count="50" type="stmt"/>
        <line num="41" count="47" type="stmt"/>
        <line num="42" count="47" type="stmt"/>
        <line num="44" count="3" type="cond" truecount="2" falsecount="0"/>
        <line num="45" count="1" type="stmt"/>
        <line num="47" count="2" type="stmt"/>
        <line num="54" count="20" type="stmt"/>
        <line num="55" count="27" type="cond" truecount="4" falsecount="0"/>
        <line num="56" count="7" type="cond" truecount="2" falsecount="0"/>
        <line num="57" count="6" type="stmt"/>
        <line num="59" count="1" type="stmt"/>
        <line num="61" count="20" type="stmt"/>
        <line num="67" count="20" type="stmt"/>
        <line num="68" count="9" type="stmt"/>
        <line num="69" count="9" type="stmt"/>
        <line num="71" count="8" type="cond" truecount="2" falsecount="0"/>
        <line num="72" count="2" type="cond" truecount="2" falsecount="0"/>
        <line num="73" count="1" type="stmt"/>
        <line num="75" count="1" type="stmt"/>
        <line num="78" count="6" type="cond" truecount="4" falsecount="0"/>
        <line num="79" count="3" type="cond" truecount="2" falsecount="0"/>
        <line num="80" count="2" type="stmt"/>
        <line num="82" count="1" type="stmt"/>
        <line num="85" count="3" type="stmt"/>
        <line num="86" count="3" type="stmt"/>
        <line num="88" count="1" type="stmt"/>
      </file>
      <file name="validator.js" path="/Users/gg1900/coding/final_project_oclock/backend/src/middlewares/validator.js">
        <metrics statements="5" coveredstatements="5" conditionals="2" coveredconditionals="2" methods="1" coveredmethods="1"/>
        <line num="6" count="19" type="stmt"/>
        <line num="7" count="20" type="stmt"/>
        <line num="8" count="20" type="cond" truecount="2" falsecount="0"/>
        <line num="9" count="1" type="stmt"/>
        <line num="11" count="19" type="stmt"/>
      </file>
    </package>
    <package name="src.models">
      <metrics statements="52" coveredstatements="52" conditionals="14" coveredconditionals="14" methods="18" coveredmethods="18"/>
      <file name="Category.js" path="/Users/gg1900/coding/final_project_oclock/backend/src/models/Category.js">
        <metrics statements="3" coveredstatements="3" conditionals="0" coveredconditionals="0" methods="2" coveredmethods="2"/>
        <line num="10" count="23" type="stmt"/>
        <line num="18" count="23" type="stmt"/>
        <line num="43" count="23" type="stmt"/>
      </file>
      <file name="Favorite.js" path="/Users/gg1900/coding/final_project_oclock/backend/src/models/Favorite.js">
        <metrics statements="4" coveredstatements="4" conditionals="0" coveredconditionals="0" methods="2" coveredmethods="2"/>
        <line num="6" count="23" type="stmt"/>
        <line num="10" count="23" type="stmt"/>
        <line num="17" count="23" type="stmt"/>
        <line num="55" count="23" type="stmt"/>
      </file>
      <file name="Media.js" path="/Users/gg1900/coding/final_project_oclock/backend/src/models/Media.js">
        <metrics statements="3" coveredstatements="3" conditionals="0" coveredconditionals="0" methods="2" coveredmethods="2"/>
        <line num="10" count="23" type="stmt"/>
        <line num="18" count="23" type="stmt"/>
        <line num="54" count="23" type="stmt"/>
      </file>
      <file name="Rating.js" path="/Users/gg1900/coding/final_project_oclock/backend/src/models/Rating.js">
        <metrics statements="4" coveredstatements="4" conditionals="0" coveredconditionals="0" methods="2" coveredmethods="2"/>
        <line num="6" count="23" type="stmt"/>
        <line num="10" count="23" type="stmt"/>
        <line num="17" count="23" type="stmt"/>
        <line num="63" count="23" type="stmt"/>
      </file>
      <file name="Recipe.js" path="/Users/gg1900/coding/final_project_oclock/backend/src/models/Recipe.js">
        <metrics statements="9" coveredstatements="9" conditionals="4" coveredconditionals="4" methods="3" coveredmethods="3"/>
        <line num="10" count="23" type="stmt"/>
        <line num="17" count="23" type="stmt"/>
        <line num="24" count="23" type="stmt"/>
        <line num="31" count="23" type="stmt"/>
        <line num="38" count="23" type="stmt"/>
        <line num="45" count="23" type="stmt"/>
        <line num="56" count="3" type="cond" truecount="4" falsecount="0"/>
        <line num="60" count="23" type="stmt"/>
        <line num="144" count="23" type="stmt"/>
      </file>
      <file name="Review.js" path="/Users/gg1900/coding/final_project_oclock/backend/src/models/Review.js">
        <metrics statements="4" coveredstatements="4" conditionals="0" coveredconditionals="0" methods="2" coveredmethods="2"/>
        <line num="6" count="23" type="stmt"/>
        <line num="10" count="23" type="stmt"/>
        <line num="17" count="23" type="stmt"/>
        <line num="56" count="23" type="stmt"/>
      </file>
      <file name="User.js" path="/Users/gg1900/coding/final_project_oclock/backend/src/models/User.js">
        <metrics statements="5" coveredstatements="5" conditionals="0" coveredconditionals="0" methods="3" coveredmethods="3"/>
        <line num="10" count="23" type="stmt"/>
        <line num="17" count="23" type="stmt"/>
        <line num="28" count="2" type="stmt"/>
        <line num="32" count="23" type="stmt"/>
        <line num="81" count="23" type="stmt"/>
      </file>
      <file name="index.js" path="/Users/gg1900/coding/final_project_oclock/backend/src/models/index.js">
        <metrics statements="20" coveredstatements="20" conditionals="10" coveredconditionals="10" methods="2" coveredmethods="2"/>
        <line num="7" count="27" type="stmt"/>
        <line num="8" count="27" type="stmt"/>
        <line num="9" count="27" type="stmt"/>
        <line num="10" count="27" type="cond" truecount="2" falsecount="0"/>
        <line num="11" count="27" type="stmt"/>
        <line num="12" count="27" type="stmt"/>
        <line num="15" count="27" type="cond" truecount="2" falsecount="0"/>
        <line num="16" count="26" type="stmt"/>
        <line num="18" count="1" type="stmt"/>
        <line num="22" count="27" type="stmt"/>
        <line num="24" count="186" type="stmt"/>
        <line num="32" count="27" type="stmt"/>
        <line num="33" count="163" type="stmt"/>
        <line num="34" count="163" type="stmt"/>
        <line num="35" count="163" type="stmt"/>
        <line num="39" count="27" type="stmt"/>
        <line num="40" count="163" type="cond" truecount="2" falsecount="0"/>
        <line num="41" count="162" type="stmt"/>
        <line num="45" count="27" type="stmt"/>
        <line num="46" count="27" type="stmt"/>
      </file>
    </package>
    <package name="src.routes">
      <metrics statements="56" coveredstatements="56" conditionals="0" coveredconditionals="0" methods="0" coveredmethods="0"/>
      <file name="authRoutes.js" path="/Users/gg1900/coding/final_project_oclock/backend/src/routes/authRoutes.js">
        <metrics statements="5" coveredstatements="5" conditionals="0" coveredconditionals="0" methods="0" coveredmethods="0"/>
        <line num="6" count="19" type="stmt"/>
        <line num="8" count="19" type="stmt"/>
        <line num="14" count="19" type="stmt"/>
        <line num="19" count="19" type="stmt"/>
        <line num="20" count="19" type="stmt"/>
      </file>
      <file name="index.js" path="/Users/gg1900/coding/final_project_oclock/backend/src/routes/index.js">
        <metrics statements="5" coveredstatements="5" conditionals="0" coveredconditionals="0" methods="0" coveredmethods="0"/>
        <line num="6" count="19" type="stmt"/>
        <line num="8" count="19" type="stmt"/>
        <line num="9" count="19" type="stmt"/>
        <line num="12" count="19" type="stmt"/>
        <line num="13" count="19" type="stmt"/>
      </file>
      <file name="recipeRoutes.js" path="/Users/gg1900/coding/final_project_oclock/backend/src/routes/recipeRoutes.js">
        <metrics statements="6" coveredstatements="6" conditionals="0" coveredconditionals="0" methods="0" coveredmethods="0"/>
        <line num="7" count="19" type="stmt"/>
        <line num="9" count="19" type="stmt"/>
        <line num="10" count="19" type="stmt"/>
        <line num="11" count="19" type="stmt"/>
        <line num="12" count="19" type="stmt"/>
        <line num="13" count="19" type="stmt"/>
      </file>
      <file name="viewRoutes.js" path="/Users/gg1900/coding/final_project_oclock/backend/src/routes/viewRoutes.js">
        <metrics statements="40" coveredstatements="40" conditionals="0" coveredconditionals="0" methods="0" coveredmethods="0"/>
        <line num="22" count="19" type="stmt"/>
        <line num="24" count="19" type="stmt"/>
        <line num="25" count="19" type="stmt"/>
        <line num="26" count="19" type="stmt"/>
        <line num="27" count="19" type="stmt"/>
        <line num="28" count="19" type="stmt"/>
        <line num="29" count="19" type="stmt"/>
        <line num="30" count="19" type="stmt"/>
        <line num="31" count="19" type="stmt"/>
        <line num="34" count="19" type="stmt"/>
        <line num="35" count="19" type="stmt"/>
        <line num="36" count="19" type="stmt"/>
        <line num="37" count="19" type="stmt"/>
        <line num="38" count="19" type="stmt"/>
        <line num="41" count="19" type="stmt"/>
        <line num="42" count="19" type="stmt"/>
        <line num="43" count="19" type="stmt"/>
        <line num="46" count="19" type="stmt"/>
        <line num="47" count="19" type="stmt"/>
        <line num="48" count="19" type="stmt"/>
        <line num="49" count="19" type="stmt"/>
        <line num="50" count="19" type="stmt"/>
        <line num="51" count="19" type="stmt"/>
        <line num="52" count="19" type="stmt"/>
        <line num="53" count="19" type="stmt"/>
        <line num="54" count="19" type="stmt"/>
        <line num="55" count="19" type="stmt"/>
        <line num="56" count="19" type="stmt"/>
        <line num="57" count="19" type="stmt"/>
        <line num="58" count="19" type="stmt"/>
        <line num="59" count="19" type="stmt"/>
        <line num="60" count="19" type="stmt"/>
        <line num="61" count="19" type="stmt"/>
        <line num="62" count="19" type="stmt"/>
        <line num="63" count="19" type="stmt"/>
        <line num="64" count="19" type="stmt"/>
        <line num="67" count="19" type="stmt"/>
        <line num="68" count="19" type="stmt"/>
        <line num="71" count="19" type="stmt"/>
        <line num="72" count="19" type="stmt"/>
      </file>
    </package>
    <package name="src.utils">
      <metrics statements="7" coveredstatements="7" conditionals="2" coveredconditionals="2" methods="2" coveredmethods="2"/>
      <file name="jwt.js" path="/Users/gg1900/coding/final_project_oclock/backend/src/utils/jwt.js">
        <metrics statements="7" coveredstatements="7" conditionals="2" coveredconditionals="2" methods="2" coveredmethods="2"/>
        <line num="4" count="22" type="stmt"/>
        <line num="6" count="22" type="cond" truecount="2" falsecount="0"/>
        <line num="7" count="22" type="stmt"/>
        <line num="14" count="22" type="stmt"/>
        <line num="15" count="76" type="stmt"/>
        <line num="27" count="22" type="stmt"/>
        <line num="28" count="93" type="stmt"/>
      </file>
    </package>
    <package name="src.validations">
      <metrics statements="13" coveredstatements="13" conditionals="0" coveredconditionals="0" methods="0" coveredmethods="0"/>
      <file name="adminSchemas.js" path="/Users/gg1900/coding/final_project_oclock/backend/src/validations/adminSchemas.js">
        <metrics statements="6" coveredstatements="6" conditionals="0" coveredconditionals="0" methods="0" coveredmethods="0"/>
        <line num="3" count="19" type="stmt"/>
        <line num="16" count="19" type="stmt"/>
        <line num="21" count="19" type="stmt"/>
        <line num="26" count="19" type="stmt"/>
        <line num="34" count="19" type="stmt"/>
        <line num="41" count="19" type="stmt"/>
      </file>
      <file name="recipeSchema.js" path="/Users/gg1900/coding/final_project_oclock/backend/src/validations/recipeSchema.js">
        <metrics statements="2" coveredstatements="2" conditionals="0" coveredconditionals="0" methods="0" coveredmethods="0"/>
        <line num="3" count="19" type="stmt"/>
        <line num="14" count="19" type="stmt"/>
      </file>
      <file name="viewSchemas.js" path="/Users/gg1900/coding/final_project_oclock/backend/src/validations/viewSchemas.js">
        <metrics statements="5" coveredstatements="5" conditionals="0" coveredconditionals="0" methods="0" coveredmethods="0"/>
        <line num="3" count="19" type="stmt"/>
        <line num="16" count="19" type="stmt"/>
        <line num="29" count="19" type="stmt"/>
        <line num="35" count="19" type="stmt"/>
        <line num="39" count="19" type="stmt"/>
      </file>
    </package>
  </project>
</coverage>
