TN:
SF:src/app.js
FN:61,(anonymous_0)
FN:62,(anonymous_1)
FN:75,(anonymous_2)
FN:99,(anonymous_3)
FN:104,(anonymous_4)
FNF:5
FNH:5
FNDA:4,(anonymous_0)
FNDA:4,(anonymous_1)
FNDA:88,(anonymous_2)
FNDA:1,(anonymous_3)
FNDA:2,(anonymous_4)
DA:15,19
DA:19,19
DA:20,19
DA:22,19
DA:24,19
DA:25,1
DA:29,19
DA:30,19
DA:33,19
DA:34,19
DA:35,19
DA:38,19
DA:39,19
DA:40,19
DA:41,19
DA:42,19
DA:43,19
DA:44,19
DA:46,19
DA:53,19
DA:60,19
DA:61,1
DA:62,4
DA:63,4
DA:64,3
DA:65,3
DA:66,3
DA:67,3
DA:70,4
DA:75,19
DA:76,88
DA:77,88
DA:78,88
DA:79,46
DA:80,45
DA:81,45
DA:86,88
DA:90,19
DA:93,19
DA:96,19
DA:99,19
DA:100,1
DA:104,19
DA:105,2
LF:44
LH:44
BRDA:24,0,0,1
BRDA:24,0,1,18
BRDA:48,1,0,19
BRDA:48,1,1,19
BRDA:55,2,0,19
BRDA:55,2,1,19
BRDA:60,3,0,1
BRDA:60,3,1,18
BRDA:63,4,0,3
BRDA:63,4,1,1
BRDA:64,5,0,3
BRDA:64,5,1,1
BRDA:66,6,0,1
BRDA:66,6,1,2
BRDA:78,7,0,46
BRDA:78,7,1,42
BRF:16
BRH:16
end_of_record
TN:
SF:src/config/config.js
FN:3,(anonymous_0)
FNF:1
FNH:1
FNDA:32,(anonymous_0)
DA:3,32
DA:45,32
LF:2
LH:2
BRDA:16,0,0,32
BRDA:16,0,1,32
BRF:2
BRH:2
end_of_record
TN:
SF:src/controllers/adminController.js
FN:5,(anonymous_0)
FN:29,(anonymous_1)
FN:50,(anonymous_2)
FN:73,(anonymous_3)
FN:106,(anonymous_4)
FN:121,(anonymous_5)
FN:137,(anonymous_6)
FN:152,(anonymous_7)
FN:170,(anonymous_8)
FN:189,(anonymous_9)
FN:204,(anonymous_10)
FN:220,(anonymous_11)
FN:238,(anonymous_12)
FN:260,(anonymous_13)
FN:275,(anonymous_14)
FN:291,(anonymous_15)
FN:308,(anonymous_16)
FN:326,(anonymous_17)
FN:347,(anonymous_18)
FNF:19
FNH:19
FNDA:3,(anonymous_0)
FNDA:3,(anonymous_1)
FNDA:4,(anonymous_2)
FNDA:5,(anonymous_3)
FNDA:3,(anonymous_4)
FNDA:3,(anonymous_5)
FNDA:3,(anonymous_6)
FNDA:3,(anonymous_7)
FNDA:5,(anonymous_8)
FNDA:3,(anonymous_9)
FNDA:3,(anonymous_10)
FNDA:3,(anonymous_11)
FNDA:5,(anonymous_12)
FNDA:3,(anonymous_13)
FNDA:3,(anonymous_14)
FNDA:3,(anonymous_15)
FNDA:3,(anonymous_16)
FNDA:5,(anonymous_17)
FNDA:3,(anonymous_18)
DA:3,20
DA:5,20
DA:6,3
DA:7,3
DA:14,2
DA:25,1
DA:29,20
DA:30,3
DA:31,3
DA:40,2
DA:46,1
DA:50,20
DA:51,4
DA:52,4
DA:54,3
DA:55,1
DA:58,2
DA:59,2
DA:61,2
DA:69,1
DA:73,20
DA:74,5
DA:75,5
DA:77,4
DA:78,1
DA:81,3
DA:98,3
DA:100,3
DA:102,1
DA:106,20
DA:107,3
DA:108,3
DA:110,2
DA:111,1
DA:114,1
DA:115,1
DA:117,1
DA:121,20
DA:122,3
DA:123,3
DA:127,2
DA:133,1
DA:137,20
DA:138,3
DA:139,3
DA:141,3
DA:146,2
DA:148,1
DA:152,20
DA:153,3
DA:154,3
DA:156,2
DA:157,1
DA:160,1
DA:166,1
DA:170,20
DA:171,5
DA:172,5
DA:174,4
DA:175,1
DA:178,3
DA:183,3
DA:185,1
DA:189,20
DA:190,3
DA:191,3
DA:193,2
DA:194,1
DA:197,1
DA:198,1
DA:200,1
DA:204,20
DA:205,3
DA:206,3
DA:210,2
DA:216,1
DA:220,20
DA:221,3
DA:222,3
DA:224,2
DA:225,1
DA:228,1
DA:234,1
DA:238,20
DA:239,5
DA:240,5
DA:242,4
DA:243,1
DA:246,3
DA:254,3
DA:256,1
DA:260,20
DA:261,3
DA:262,3
DA:264,2
DA:265,1
DA:268,1
DA:269,1
DA:271,1
DA:275,20
DA:276,3
DA:277,3
DA:281,2
DA:287,1
DA:291,20
DA:292,3
DA:293,3
DA:295,3
DA:302,2
DA:304,1
DA:308,20
DA:309,3
DA:310,3
DA:312,2
DA:313,1
DA:316,1
DA:322,1
DA:326,20
DA:327,5
DA:328,5
DA:330,4
DA:331,1
DA:334,3
DA:341,3
DA:343,1
DA:347,20
DA:348,3
DA:349,3
DA:351,2
DA:352,1
DA:355,1
DA:356,1
DA:358,1
LF:133
LH:133
BRDA:54,0,0,1
BRDA:54,0,1,2
BRDA:77,1,0,1
BRDA:77,1,1,3
BRDA:82,2,0,3
BRDA:82,2,1,1
BRDA:83,3,0,3
BRDA:83,3,1,2
BRDA:84,4,0,3
BRDA:84,4,1,2
BRDA:85,5,0,3
BRDA:85,5,1,2
BRDA:86,6,0,1
BRDA:86,6,1,2
BRDA:87,7,0,1
BRDA:87,7,1,1
BRDA:89,8,0,1
BRDA:89,8,1,2
BRDA:90,9,0,1
BRDA:90,9,1,1
BRDA:92,10,0,3
BRDA:92,10,1,3
BRDA:93,11,0,3
BRDA:93,11,1,1
BRDA:94,12,0,3
BRDA:94,12,1,2
BRDA:95,13,0,3
BRDA:95,13,1,2
BRDA:110,14,0,1
BRDA:110,14,1,1
BRDA:143,15,0,3
BRDA:143,15,1,2
BRDA:156,16,0,1
BRDA:156,16,1,1
BRDA:174,17,0,1
BRDA:174,17,1,3
BRDA:179,18,0,3
BRDA:179,18,1,1
BRDA:180,19,0,3
BRDA:180,19,1,2
BRDA:193,20,0,1
BRDA:193,20,1,1
BRDA:224,21,0,1
BRDA:224,21,1,1
BRDA:242,22,0,1
BRDA:242,22,1,3
BRDA:247,23,0,3
BRDA:247,23,1,1
BRDA:248,24,0,3
BRDA:248,24,1,2
BRDA:249,25,0,3
BRDA:249,25,1,1
BRDA:250,26,0,3
BRDA:250,26,1,3
BRDA:251,27,0,3
BRDA:251,27,1,3
BRDA:264,28,0,1
BRDA:264,28,1,1
BRDA:298,29,0,3
BRDA:298,29,1,3
BRDA:299,30,0,3
BRDA:299,30,1,2
BRDA:312,31,0,1
BRDA:312,31,1,1
BRDA:330,32,0,1
BRDA:330,32,1,3
BRDA:335,33,0,3
BRDA:335,33,1,1
BRDA:336,34,0,3
BRDA:336,34,1,1
BRDA:337,35,0,3
BRDA:337,35,1,3
BRDA:338,36,0,3
BRDA:338,36,1,2
BRDA:351,37,0,1
BRDA:351,37,1,1
BRF:76
BRH:76
end_of_record
TN:
SF:src/controllers/authController.js
FN:10,(anonymous_0)
FN:46,(anonymous_1)
FNF:2
FNH:2
FNDA:3,(anonymous_0)
FNDA:4,(anonymous_1)
DA:5,20
DA:10,20
DA:11,3
DA:12,3
DA:15,3
DA:16,2
DA:17,1
DA:21,1
DA:24,1
DA:31,1
DA:34,1
DA:35,1
DA:37,1
DA:39,1
DA:46,20
DA:47,4
DA:48,4
DA:51,4
DA:52,3
DA:53,1
DA:57,2
DA:58,2
DA:59,1
DA:63,1
DA:66,1
DA:67,1
DA:69,1
DA:71,1
LF:28
LH:28
BRDA:16,0,0,1
BRDA:16,0,1,1
BRDA:52,1,0,1
BRDA:52,1,1,2
BRDA:58,2,0,1
BRDA:58,2,1,1
BRF:6
BRH:6
end_of_record
TN:
SF:src/controllers/metadataController.js
FN:5,(anonymous_0)
FN:14,(anonymous_1)
FNF:2
FNH:2
FNDA:3,(anonymous_0)
FNDA:3,(anonymous_1)
DA:3,20
DA:5,20
DA:6,3
DA:7,3
DA:8,2
DA:10,1
DA:14,20
DA:15,3
DA:16,3
DA:17,2
DA:19,1
LF:11
LH:11
BRF:0
BRH:0
end_of_record
TN:
SF:src/controllers/recipeController.js
FN:5,(anonymous_0)
FN:14,(anonymous_1)
FN:29,(anonymous_2)
FN:49,(anonymous_3)
FN:62,(anonymous_4)
FNF:5
FNH:5
FNDA:3,(anonymous_0)
FNDA:4,(anonymous_1)
FNDA:5,(anonymous_2)
FNDA:5,(anonymous_3)
FNDA:5,(anonymous_4)
DA:3,20
DA:5,20
DA:6,3
DA:7,3
DA:8,2
DA:10,1
DA:14,20
DA:15,4
DA:16,4
DA:23,3
DA:25,1
DA:29,20
DA:30,5
DA:31,5
DA:39,4
DA:40,2
DA:43,2
DA:45,1
DA:49,20
DA:50,5
DA:51,5
DA:52,4
DA:53,2
DA:55,2
DA:56,2
DA:58,1
DA:62,20
DA:63,5
DA:64,5
DA:65,4
DA:66,2
DA:68,2
DA:69,2
DA:71,1
LF:34
LH:34
BRDA:39,0,0,2
BRDA:39,0,1,2
BRDA:52,1,0,2
BRDA:52,1,1,2
BRDA:65,2,0,2
BRDA:65,2,1,2
BRF:6
BRH:6
end_of_record
TN:
SF:src/controllers/viewController.js
FN:7,(anonymous_0)
FN:38,(anonymous_1)
FN:89,(anonymous_2)
FN:112,(anonymous_3)
FN:120,(anonymous_4)
FN:141,(anonymous_5)
FN:145,(anonymous_6)
FN:149,(anonymous_7)
FN:193,(anonymous_8)
FN:220,(anonymous_9)
FN:230,(anonymous_10)
FN:245,(anonymous_11)
FN:276,(anonymous_12)
FN:293,(anonymous_13)
FN:316,(anonymous_14)
FN:326,(anonymous_15)
FN:356,(anonymous_16)
FN:368,(anonymous_17)
FN:391,(anonymous_18)
FN:413,(anonymous_19)
FN:431,(anonymous_20)
FN:460,(anonymous_21)
FN:475,(anonymous_22)
FNF:23
FNH:23
FNDA:4,(anonymous_0)
FNDA:7,(anonymous_1)
FNDA:9,(anonymous_2)
FNDA:4,(anonymous_3)
FNDA:3,(anonymous_4)
FNDA:1,(anonymous_5)
FNDA:1,(anonymous_6)
FNDA:6,(anonymous_7)
FNDA:3,(anonymous_8)
FNDA:1,(anonymous_9)
FNDA:2,(anonymous_10)
FNDA:2,(anonymous_11)
FNDA:2,(anonymous_12)
FNDA:2,(anonymous_13)
FNDA:2,(anonymous_14)
FNDA:3,(anonymous_15)
FNDA:2,(anonymous_16)
FNDA:2,(anonymous_17)
FNDA:3,(anonymous_18)
FNDA:2,(anonymous_19)
FNDA:7,(anonymous_20)
FNDA:4,(anonymous_21)
FNDA:2,(anonymous_22)
DA:5,20
DA:7,20
DA:8,4
DA:10,4
DA:19,3
DA:28,3
DA:34,1
DA:38,20
DA:39,7
DA:40,7
DA:43,7
DA:46,7
DA:47,2
DA:53,7
DA:54,2
DA:58,7
DA:59,2
DA:62,7
DA:72,6
DA:73,6
DA:75,6
DA:85,1
DA:89,20
DA:90,9
DA:91,9
DA:105,8
DA:106,1
DA:110,7
DA:111,7
DA:112,4
DA:113,2
DA:117,7
DA:118,7
DA:119,7
DA:120,5
DA:121,5
DA:124,5
DA:127,7
DA:136,1
DA:141,20
DA:142,1
DA:145,20
DA:146,1
DA:149,20
DA:150,6
DA:151,6
DA:153,6
DA:155,5
DA:156,1
DA:162,4
DA:164,4
DA:165,1
DA:172,3
DA:173,3
DA:180,3
DA:181,2
DA:184,1
DA:186,1
DA:193,20
DA:194,3
DA:195,3
DA:198,3
DA:199,2
DA:200,1
DA:207,1
DA:208,1
DA:211,1
DA:213,1
DA:220,20
DA:221,1
DA:226,1
DA:230,20
DA:231,2
DA:232,2
DA:233,1
DA:235,1
DA:241,1
DA:245,20
DA:246,2
DA:247,2
DA:249,2
DA:263,1
DA:265,1
DA:266,1
DA:267,1
DA:276,20
DA:277,2
DA:278,2
DA:279,2
DA:280,1
DA:282,1
DA:289,1
DA:293,20
DA:294,2
DA:295,2
DA:297,2
DA:310,1
DA:312,1
DA:316,20
DA:317,2
DA:318,2
DA:319,1
DA:321,1
DA:326,20
DA:327,3
DA:328,3
DA:342,2
DA:343,1
DA:346,1
DA:352,1
DA:356,20
DA:357,2
DA:358,2
DA:359,1
DA:364,1
DA:368,20
DA:369,2
DA:370,2
DA:371,2
DA:373,2
DA:379,1
DA:381,1
DA:382,1
DA:391,20
DA:392,3
DA:393,3
DA:394,3
DA:397,3
DA:402,2
DA:403,1
DA:406,2
DA:408,1
DA:413,20
DA:414,2
DA:415,2
DA:416,2
DA:418,2
DA:424,1
DA:426,1
DA:431,20
DA:432,7
DA:433,7
DA:435,7
DA:436,6
DA:437,2
DA:440,4
DA:444,4
DA:445,2
DA:447,2
DA:453,4
DA:454,4
DA:456,1
DA:460,20
DA:461,4
DA:462,4
DA:475,3
DA:477,3
DA:482,1
LF:158
LH:158
BRDA:46,0,0,2
BRDA:46,0,1,5
BRDA:46,1,0,7
BRDA:46,1,1,2
BRDA:53,2,0,2
BRDA:53,2,1,5
BRDA:58,3,0,2
BRDA:58,3,1,5
BRDA:80,4,0,6
BRDA:80,4,1,4
BRDA:81,5,0,6
BRDA:81,5,1,4
BRDA:82,6,0,6
BRDA:82,6,1,4
BRDA:105,7,0,1
BRDA:105,7,1,7
BRDA:111,8,0,2
BRDA:111,8,1,5
BRDA:111,9,0,7
BRDA:111,9,1,6
BRDA:119,10,0,5
BRDA:119,10,1,2
BRDA:132,11,0,6
BRDA:132,11,1,1
BRDA:155,12,0,1
BRDA:155,12,1,4
BRDA:164,13,0,1
BRDA:164,13,1,3
BRDA:180,14,0,2
BRDA:180,14,1,1
BRDA:180,15,0,3
BRDA:180,15,1,2
BRDA:199,16,0,1
BRDA:199,16,1,1
BRDA:254,17,0,2
BRDA:254,17,1,1
BRDA:255,18,0,2
BRDA:255,18,1,1
BRDA:256,19,0,2
BRDA:256,19,1,1
BRDA:257,20,0,2
BRDA:257,20,1,1
BRDA:258,21,0,2
BRDA:258,21,1,1
BRDA:302,22,0,2
BRDA:302,22,1,2
BRDA:303,23,0,2
BRDA:303,23,1,2
BRDA:304,24,0,2
BRDA:304,24,1,2
BRDA:305,25,0,2
BRDA:305,25,1,1
BRDA:306,26,0,2
BRDA:306,26,1,1
BRDA:342,27,0,1
BRDA:342,27,1,1
BRDA:349,28,0,1
BRDA:349,28,1,1
BRDA:402,29,0,1
BRDA:402,29,1,1
BRDA:436,30,0,2
BRDA:436,30,1,4
BRDA:444,31,0,2
BRDA:444,31,1,2
BRDA:453,32,0,4
BRDA:453,32,1,3
BRF:66
BRH:66
end_of_record
TN:
SF:src/middlewares/auth.js
FN:9,(anonymous_0)
FN:16,(anonymous_1)
FN:54,(anonymous_2)
FN:67,(anonymous_3)
FNF:4
FNH:4
FNDA:17,(anonymous_0)
FNDA:64,(anonymous_1)
FNDA:27,(anonymous_2)
FNDA:9,(anonymous_3)
DA:4,20
DA:9,20
DA:10,17
DA:16,20
DA:17,64
DA:21,64
DA:22,64
DA:23,9
DA:27,64
DA:28,41
DA:31,64
DA:33,14
DA:34,4
DA:37,10
DA:40,50
DA:41,47
DA:42,47
DA:44,3
DA:45,1
DA:47,2
DA:54,20
DA:55,27
DA:56,7
DA:57,6
DA:59,1
DA:61,20
DA:67,20
DA:68,9
DA:69,9
DA:71,8
DA:72,2
DA:73,1
DA:75,1
DA:78,6
DA:79,3
DA:80,2
DA:82,1
DA:85,3
DA:86,3
DA:88,1
LF:40
LH:40
BRDA:10,0,0,17
BRDA:10,0,1,12
BRDA:22,1,0,9
BRDA:22,1,1,55
BRDA:22,2,0,64
BRDA:22,2,1,9
BRDA:27,3,0,41
BRDA:27,3,1,23
BRDA:27,4,0,64
BRDA:27,4,1,55
BRDA:27,4,2,55
BRDA:31,5,0,14
BRDA:31,5,1,50
BRDA:33,6,0,4
BRDA:33,6,1,10
BRDA:44,7,0,1
BRDA:44,7,1,2
BRDA:55,8,0,7
BRDA:55,8,1,20
BRDA:55,9,0,27
BRDA:55,9,1,27
BRDA:56,10,0,6
BRDA:56,10,1,1
BRDA:71,11,0,2
BRDA:71,11,1,6
BRDA:72,12,0,1
BRDA:72,12,1,1
BRDA:78,13,0,3
BRDA:78,13,1,3
BRDA:78,14,0,6
BRDA:78,14,1,3
BRDA:79,15,0,2
BRDA:79,15,1,1
BRF:33
BRH:33
end_of_record
TN:
SF:src/middlewares/validator.js
FN:6,(anonymous_0)
FNF:1
FNH:1
FNDA:20,(anonymous_0)
DA:6,19
DA:7,20
DA:8,20
DA:9,1
DA:11,19
LF:5
LH:5
BRDA:8,0,0,1
BRDA:8,0,1,19
BRF:2
BRH:2
end_of_record
TN:
SF:src/models/Category.js
FN:3,(anonymous_0)
FN:8,(anonymous_1)
FNF:2
FNH:2
FNDA:23,(anonymous_0)
FNDA:23,(anonymous_1)
DA:10,23
DA:18,23
DA:43,23
LF:3
LH:3
BRF:0
BRH:0
end_of_record
TN:
SF:src/models/Favorite.js
FN:3,(anonymous_0)
FN:5,(anonymous_1)
FNF:2
FNH:2
FNDA:23,(anonymous_0)
FNDA:23,(anonymous_1)
DA:6,23
DA:10,23
DA:17,23
DA:55,23
LF:4
LH:4
BRF:0
BRH:0
end_of_record
TN:
SF:src/models/Media.js
FN:3,(anonymous_0)
FN:8,(anonymous_1)
FNF:2
FNH:2
FNDA:23,(anonymous_0)
FNDA:23,(anonymous_1)
DA:10,23
DA:18,23
DA:54,23
LF:3
LH:3
BRF:0
BRH:0
end_of_record
TN:
SF:src/models/Rating.js
FN:3,(anonymous_0)
FN:5,(anonymous_1)
FNF:2
FNH:2
FNDA:23,(anonymous_0)
FNDA:23,(anonymous_1)
DA:6,23
DA:10,23
DA:17,23
DA:63,23
LF:4
LH:4
BRF:0
BRH:0
end_of_record
TN:
SF:src/models/Recipe.js
FN:3,(anonymous_0)
FN:8,(anonymous_1)
FN:55,(anonymous_2)
FNF:3
FNH:3
FNDA:23,(anonymous_0)
FNDA:23,(anonymous_1)
FNDA:3,(anonymous_2)
DA:10,23
DA:17,23
DA:24,23
DA:31,23
DA:38,23
DA:45,23
DA:56,3
DA:60,23
DA:144,23
LF:9
LH:9
BRDA:56,0,0,3
BRDA:56,0,1,1
BRDA:56,1,0,3
BRDA:56,1,1,2
BRF:4
BRH:4
end_of_record
TN:
SF:src/models/Review.js
FN:3,(anonymous_0)
FN:5,(anonymous_1)
FNF:2
FNH:2
FNDA:23,(anonymous_0)
FNDA:23,(anonymous_1)
DA:6,23
DA:10,23
DA:17,23
DA:56,23
LF:4
LH:4
BRF:0
BRH:0
end_of_record
TN:
SF:src/models/User.js
FN:3,(anonymous_0)
FN:8,(anonymous_1)
FN:27,(anonymous_2)
FNF:3
FNH:3
FNDA:23,(anonymous_0)
FNDA:23,(anonymous_1)
FNDA:2,(anonymous_2)
DA:10,23
DA:17,23
DA:28,2
DA:32,23
DA:81,23
LF:5
LH:5
BRF:0
BRH:0
end_of_record
TN:
SF:src/models/index.js
FN:23,(anonymous_0)
FN:39,(anonymous_1)
FNF:2
FNH:2
FNDA:186,(anonymous_0)
FNDA:163,(anonymous_1)
DA:7,27
DA:8,27
DA:9,27
DA:10,27
DA:11,27
DA:12,27
DA:15,27
DA:16,26
DA:18,1
DA:22,27
DA:24,186
DA:32,27
DA:33,163
DA:34,163
DA:35,163
DA:39,27
DA:40,163
DA:41,162
DA:45,27
DA:46,27
LF:20
LH:20
BRDA:10,0,0,27
BRDA:10,0,1,1
BRDA:15,1,0,26
BRDA:15,1,1,1
BRDA:25,2,0,186
BRDA:25,2,1,186
BRDA:25,2,2,163
BRDA:25,2,3,163
BRDA:40,3,0,162
BRDA:40,3,1,1
BRF:10
BRH:10
end_of_record
TN:
SF:src/routes/authRoutes.js
FNF:0
FNH:0
DA:6,19
DA:8,19
DA:14,19
DA:19,19
DA:20,19
LF:5
LH:5
BRF:0
BRH:0
end_of_record
TN:
SF:src/routes/index.js
FNF:0
FNH:0
DA:6,19
DA:8,19
DA:9,19
DA:12,19
DA:13,19
LF:5
LH:5
BRF:0
BRH:0
end_of_record
TN:
SF:src/routes/recipeRoutes.js
FNF:0
FNH:0
DA:7,19
DA:9,19
DA:10,19
DA:11,19
DA:12,19
DA:13,19
LF:6
LH:6
BRF:0
BRH:0
end_of_record
TN:
SF:src/routes/viewRoutes.js
FNF:0
FNH:0
DA:22,19
DA:24,19
DA:25,19
DA:26,19
DA:27,19
DA:28,19
DA:29,19
DA:30,19
DA:31,19
DA:34,19
DA:35,19
DA:36,19
DA:37,19
DA:38,19
DA:41,19
DA:42,19
DA:43,19
DA:46,19
DA:47,19
DA:48,19
DA:49,19
DA:50,19
DA:51,19
DA:52,19
DA:53,19
DA:54,19
DA:55,19
DA:56,19
DA:57,19
DA:58,19
DA:59,19
DA:60,19
DA:61,19
DA:62,19
DA:63,19
DA:64,19
DA:67,19
DA:68,19
DA:71,19
DA:72,19
LF:40
LH:40
BRF:0
BRH:0
end_of_record
TN:
SF:src/utils/jwt.js
FN:14,(anonymous_0)
FN:27,(anonymous_1)
FNF:2
FNH:2
FNDA:76,(anonymous_0)
FNDA:93,(anonymous_1)
DA:4,22
DA:6,22
DA:7,22
DA:14,22
DA:15,76
DA:27,22
DA:28,93
LF:7
LH:7
BRDA:6,0,0,22
BRDA:6,0,1,1
BRF:2
BRH:2
end_of_record
TN:
SF:src/validations/adminSchemas.js
FNF:0
FNH:0
DA:3,19
DA:16,19
DA:21,19
DA:26,19
DA:34,19
DA:41,19
LF:6
LH:6
BRF:0
BRH:0
end_of_record
TN:
SF:src/validations/recipeSchema.js
FNF:0
FNH:0
DA:3,19
DA:14,19
LF:2
LH:2
BRF:0
BRH:0
end_of_record
TN:
SF:src/validations/viewSchemas.js
FNF:0
FNH:0
DA:3,19
DA:16,19
DA:29,19
DA:35,19
DA:39,19
LF:5
LH:5
BRF:0
BRH:0
end_of_record
